<?xml version="1.0" encoding="UTF-8"?>
<!-- Generated by org.testng.reporters.JUnitReportReporter -->
<testsuite hostname="AkshayMahale-PC" failures="0" tests="1" name="trial.test" time="1.515" errors="0" timestamp="2022-12-20T23:58:58 IST" skipped="0">
  <testcase classname="trial.test" name="test1" time="1.515"/>
  <system-out/>
</testsuite> <!-- trial.test -->
